[info] [API] Request for projects/list: {
	"action": "projects/list",
	"params": {
		"clickedPath": "C:/Users/Jano/lowgular-course-entry/src/app/model"
	},
	"context": {
		"workspace": {
			"rootPath": "C:/Users/Jano/lowgular-course-entry"
		},
		"userContext": {
			"id": "",
			"correlationId": "7n6vzZU1Ao",
			"logEnvId": "development"
		}
	},
	"level": "info",
	"message": "[API] Request for projects/list"
}
[info] [CLI] Calling Query projects/list: {
	"funcParams": {
		"clickedPath": "C:/Users/Jano/lowgular-course-entry/src/app/model"
	},
	"level": "info",
	"message": "[CLI] Calling Query projects/list"
}
[info] [CLI] Called Query projects/list: {
	"result": {
		"clickedProject": {
			"name": "lowgular-course-entry",
			"path": "C:/Users/Jano/lowgular-course-entry/src/app"
		},
		"otherProjects": []
	},
	"level": "info",
	"message": "[CLI] Called Query projects/list"
}
[info] [API] Response ok: projects/list: {
	"result": {
		"clickedProject": {
			"name": "lowgular-course-entry",
			"path": "C:/Users/Jano/lowgular-course-entry/src/app"
		},
		"otherProjects": []
	},
	"level": "info",
	"message": "[API] Response ok: projects/list"
}
[info] [API] Request for entity/list: {
	"action": "entity/list",
	"params": {
		"clickedPath": "C:/Users/Jano/lowgular-course-entry/src/app"
	},
	"context": {
		"workspace": {
			"rootPath": "C:/Users/Jano/lowgular-course-entry"
		},
		"userContext": {
			"id": "",
			"correlationId": "7n6vzZU1Ao",
			"logEnvId": "development"
		}
	},
	"level": "info",
	"message": "[API] Request for entity/list"
}
[info] [CLI] Calling Query entity/list: {
	"funcParams": {
		"clickedPath": "C:/Users/Jano/lowgular-course-entry/src/app"
	},
	"level": "info",
	"message": "[CLI] Calling Query entity/list"
}
[info] [CLI] Called Query entity/list: {
	"result": [
		{
			"id": "component",
			"type": "ANGULAR_COMPONENT",
			"suffix": "Component",
			"folder": "ui/$name$",
			"insideOf": "App",
			"config": {
				"stylesExtension": "none",
				"viewEncapsulation": "Emulated",
				"selector": "generated",
				"changeDetectionStrategy": "OnPush"
			}
		},
		{
			"id": "dataService",
			"type": "ANGULAR_SERVICE",
			"suffix": "Service",
			"folder": "services",
			"insideOf": "App"
		},
		{
			"id": "model",
			"type": "DATA_STRUCTURE",
			"suffix": "Model",
			"folder": "model",
			"insideOf": "App"
		},
		{
			"id": "response",
			"type": "DATA_STRUCTURE",
			"suffix": "Response",
			"folder": "services",
			"insideOf": "App"
		}
	],
	"level": "info",
	"message": "[CLI] Called Query entity/list"
}
[info] [API] Response ok: entity/list: {
	"result": [
		{
			"id": "component",
			"type": "ANGULAR_COMPONENT",
			"suffix": "Component",
			"folder": "ui/$name$",
			"insideOf": "App",
			"config": {
				"stylesExtension": "none",
				"viewEncapsulation": "Emulated",
				"selector": "generated",
				"changeDetectionStrategy": "OnPush"
			}
		},
		{
			"id": "dataService",
			"type": "ANGULAR_SERVICE",
			"suffix": "Service",
			"folder": "services",
			"insideOf": "App"
		},
		{
			"id": "model",
			"type": "DATA_STRUCTURE",
			"suffix": "Model",
			"folder": "model",
			"insideOf": "App"
		},
		{
			"id": "response",
			"type": "DATA_STRUCTURE",
			"suffix": "Response",
			"folder": "services",
			"insideOf": "App"
		}
	],
	"level": "info",
	"message": "[API] Response ok: entity/list"
}
[info] [API] Request for projects/list: {
	"action": "projects/list",
	"params": {
		"clickedPath": "C:/Users/Jano/lowgular-course-entry/src/app/model"
	},
	"context": {
		"workspace": {
			"rootPath": "C:/Users/Jano/lowgular-course-entry"
		},
		"userContext": {
			"id": "",
			"correlationId": "qh_pg9_pb8",
			"logEnvId": "development"
		}
	},
	"level": "info",
	"message": "[API] Request for projects/list"
}
[info] [CLI] Calling Query projects/list: {
	"funcParams": {
		"clickedPath": "C:/Users/Jano/lowgular-course-entry/src/app/model"
	},
	"level": "info",
	"message": "[CLI] Calling Query projects/list"
}
[info] [CLI] Called Query projects/list: {
	"result": {
		"clickedProject": {
			"name": "lowgular-course-entry",
			"path": "C:/Users/Jano/lowgular-course-entry/src/app"
		},
		"otherProjects": []
	},
	"level": "info",
	"message": "[CLI] Called Query projects/list"
}
[info] [API] Response ok: projects/list: {
	"result": {
		"clickedProject": {
			"name": "lowgular-course-entry",
			"path": "C:/Users/Jano/lowgular-course-entry/src/app"
		},
		"otherProjects": []
	},
	"level": "info",
	"message": "[API] Response ok: projects/list"
}
[info] [API] Request for entity/list: {
	"action": "entity/list",
	"params": {
		"clickedPath": "C:/Users/Jano/lowgular-course-entry/src/app"
	},
	"context": {
		"workspace": {
			"rootPath": "C:/Users/Jano/lowgular-course-entry"
		},
		"userContext": {
			"id": "",
			"correlationId": "qh_pg9_pb8",
			"logEnvId": "development"
		}
	},
	"level": "info",
	"message": "[API] Request for entity/list"
}
[info] [CLI] Calling Query entity/list: {
	"funcParams": {
		"clickedPath": "C:/Users/Jano/lowgular-course-entry/src/app"
	},
	"level": "info",
	"message": "[CLI] Calling Query entity/list"
}
[info] [CLI] Called Query entity/list: {
	"result": [
		{
			"id": "component",
			"type": "ANGULAR_COMPONENT",
			"suffix": "Component",
			"folder": "ui/$name$",
			"insideOf": "App",
			"config": {
				"stylesExtension": "none",
				"viewEncapsulation": "Emulated",
				"selector": "generated",
				"changeDetectionStrategy": "OnPush"
			}
		},
		{
			"id": "dataService",
			"type": "ANGULAR_SERVICE",
			"suffix": "Service",
			"folder": "services",
			"insideOf": "App"
		},
		{
			"id": "model",
			"type": "DATA_STRUCTURE",
			"suffix": "Model",
			"folder": "model",
			"insideOf": "App"
		},
		{
			"id": "response",
			"type": "DATA_STRUCTURE",
			"suffix": "Response",
			"folder": "services",
			"insideOf": "App"
		}
	],
	"level": "info",
	"message": "[CLI] Called Query entity/list"
}
[info] [API] Response ok: entity/list: {
	"result": [
		{
			"id": "component",
			"type": "ANGULAR_COMPONENT",
			"suffix": "Component",
			"folder": "ui/$name$",
			"insideOf": "App",
			"config": {
				"stylesExtension": "none",
				"viewEncapsulation": "Emulated",
				"selector": "generated",
				"changeDetectionStrategy": "OnPush"
			}
		},
		{
			"id": "dataService",
			"type": "ANGULAR_SERVICE",
			"suffix": "Service",
			"folder": "services",
			"insideOf": "App"
		},
		{
			"id": "model",
			"type": "DATA_STRUCTURE",
			"suffix": "Model",
			"folder": "model",
			"insideOf": "App"
		},
		{
			"id": "response",
			"type": "DATA_STRUCTURE",
			"suffix": "Response",
			"folder": "services",
			"insideOf": "App"
		}
	],
	"level": "info",
	"message": "[API] Response ok: entity/list"
}
[info] [API] Request for projects/list: {
	"action": "projects/list",
	"params": {
		"clickedPath": "C:/Users/Jano/lowgular-course-entry/src/app/model"
	},
	"context": {
		"workspace": {
			"rootPath": "C:/Users/Jano/lowgular-course-entry"
		},
		"userContext": {
			"id": "",
			"correlationId": "qHN48rzzHj",
			"logEnvId": "development"
		}
	},
	"level": "info",
	"message": "[API] Request for projects/list"
}
[info] [CLI] Calling Query projects/list: {
	"funcParams": {
		"clickedPath": "C:/Users/Jano/lowgular-course-entry/src/app/model"
	},
	"level": "info",
	"message": "[CLI] Calling Query projects/list"
}
[info] [CLI] Called Query projects/list: {
	"result": {
		"clickedProject": {
			"name": "lowgular-course-entry",
			"path": "C:/Users/Jano/lowgular-course-entry/src/app"
		},
		"otherProjects": []
	},
	"level": "info",
	"message": "[CLI] Called Query projects/list"
}
[info] [API] Response ok: projects/list: {
	"result": {
		"clickedProject": {
			"name": "lowgular-course-entry",
			"path": "C:/Users/Jano/lowgular-course-entry/src/app"
		},
		"otherProjects": []
	},
	"level": "info",
	"message": "[API] Response ok: projects/list"
}
[info] [API] Request for entity/list: {
	"action": "entity/list",
	"params": {
		"clickedPath": "C:/Users/Jano/lowgular-course-entry/src/app"
	},
	"context": {
		"workspace": {
			"rootPath": "C:/Users/Jano/lowgular-course-entry"
		},
		"userContext": {
			"id": "",
			"correlationId": "qHN48rzzHj",
			"logEnvId": "development"
		}
	},
	"level": "info",
	"message": "[API] Request for entity/list"
}
[info] [CLI] Calling Query entity/list: {
	"funcParams": {
		"clickedPath": "C:/Users/Jano/lowgular-course-entry/src/app"
	},
	"level": "info",
	"message": "[CLI] Calling Query entity/list"
}
[info] [CLI] Called Query entity/list: {
	"result": [
		{
			"id": "component",
			"type": "ANGULAR_COMPONENT",
			"suffix": "Component",
			"folder": "ui/$name$",
			"insideOf": "App",
			"config": {
				"stylesExtension": "none",
				"viewEncapsulation": "Emulated",
				"selector": "generated",
				"changeDetectionStrategy": "OnPush"
			}
		},
		{
			"id": "dataService",
			"type": "ANGULAR_SERVICE",
			"suffix": "Service",
			"folder": "services",
			"insideOf": "App"
		},
		{
			"id": "model",
			"type": "DATA_STRUCTURE",
			"suffix": "Model",
			"folder": "model",
			"insideOf": "App"
		},
		{
			"id": "response",
			"type": "DATA_STRUCTURE",
			"suffix": "Response",
			"folder": "services",
			"insideOf": "App"
		}
	],
	"level": "info",
	"message": "[CLI] Called Query entity/list"
}
[info] [API] Response ok: entity/list: {
	"result": [
		{
			"id": "component",
			"type": "ANGULAR_COMPONENT",
			"suffix": "Component",
			"folder": "ui/$name$",
			"insideOf": "App",
			"config": {
				"stylesExtension": "none",
				"viewEncapsulation": "Emulated",
				"selector": "generated",
				"changeDetectionStrategy": "OnPush"
			}
		},
		{
			"id": "dataService",
			"type": "ANGULAR_SERVICE",
			"suffix": "Service",
			"folder": "services",
			"insideOf": "App"
		},
		{
			"id": "model",
			"type": "DATA_STRUCTURE",
			"suffix": "Model",
			"folder": "model",
			"insideOf": "App"
		},
		{
			"id": "response",
			"type": "DATA_STRUCTURE",
			"suffix": "Response",
			"folder": "services",
			"insideOf": "App"
		}
	],
	"level": "info",
	"message": "[API] Response ok: entity/list"
}
[info] [API] Request for data-structure/create: {
	"action": "data-structure/create",
	"params": {
		"name": "Person",
		"clickedPath": "C:/Users/Jano/lowgular-course-entry/src/app/model",
		"entityId": "model",
		"properties": {
			"PersonalNumber": "string",
			"Name": "string",
			"mail": "string",
			"img": "string"
		}
	},
	"context": {
		"workspace": {
			"rootPath": "C:/Users/Jano/lowgular-course-entry"
		},
		"userContext": {
			"id": "",
			"correlationId": "qHN48rzzHj",
			"logEnvId": "development"
		}
	},
	"level": "info",
	"message": "[API] Request for data-structure/create"
}
[info] [CLI] Calling Command data-structure/create: {
	"funcParams": {
		"name": "Person",
		"clickedPath": "C:/Users/Jano/lowgular-course-entry/src/app/model",
		"entityId": "model",
		"properties": {
			"PersonalNumber": "string",
			"Name": "string",
			"mail": "string",
			"img": "string"
		}
	},
	"level": "info",
	"message": "[CLI] Calling Command data-structure/create"
}
[info] [CommandBus]: Dispatching command CREATE_DATA_STRUCTURE: {
	"commandName": "CREATE_DATA_STRUCTURE",
	"payload": {
		"folderPath": "C:/Users/Jano/lowgular-course-entry/src/app/model",
		"name": "Person",
		"suffix": "Model",
		"properties": {
			"PersonalNumber": "string",
			"Name": "string",
			"mail": "string",
			"img": "string"
		}
	},
	"level": "info",
	"message": "[CommandBus]: Dispatching command CREATE_DATA_STRUCTURE"
}
[info] [CommandBus]: Handled  CREATE_DATA_STRUCTURE: {
	"commandName": "CREATE_DATA_STRUCTURE",
	"payload": {
		"folderPath": "C:/Users/Jano/lowgular-course-entry/src/app/model",
		"name": "Person",
		"suffix": "Model",
		"properties": {
			"PersonalNumber": "string",
			"Name": "string",
			"mail": "string",
			"img": "string"
		}
	},
	"level": "info",
	"message": "[CommandBus]: Handled  CREATE_DATA_STRUCTURE"
}
[info] [CLI] Called Command data-structure/create: {
	"message": "[CLI] Called Command data-structure/create",
	"level": "info"
}
[info] [API] Response ok: data-structure/create: {
	"result": {
		"filePath": "C:/Users/Jano/lowgular-course-entry/src/app/model/person.model.ts"
	},
	"level": "info",
	"message": "[API] Response ok: data-structure/create"
}
[info] [API] Request for projects/list: {
	"action": "projects/list",
	"params": {
		"clickedPath": "C:/Users/Jano/lowgular-course-entry/src/app/services"
	},
	"context": {
		"workspace": {
			"rootPath": "C:/Users/Jano/lowgular-course-entry"
		},
		"userContext": {
			"id": "",
			"correlationId": "KVkY0lhZEe",
			"logEnvId": "development"
		}
	},
	"level": "info",
	"message": "[API] Request for projects/list"
}
[info] [CLI] Calling Query projects/list: {
	"funcParams": {
		"clickedPath": "C:/Users/Jano/lowgular-course-entry/src/app/services"
	},
	"level": "info",
	"message": "[CLI] Calling Query projects/list"
}
[info] [CLI] Called Query projects/list: {
	"result": {
		"clickedProject": {
			"name": "lowgular-course-entry",
			"path": "C:/Users/Jano/lowgular-course-entry/src/app"
		},
		"otherProjects": []
	},
	"level": "info",
	"message": "[CLI] Called Query projects/list"
}
[info] [API] Response ok: projects/list: {
	"result": {
		"clickedProject": {
			"name": "lowgular-course-entry",
			"path": "C:/Users/Jano/lowgular-course-entry/src/app"
		},
		"otherProjects": []
	},
	"level": "info",
	"message": "[API] Response ok: projects/list"
}
[info] [API] Request for entity/list: {
	"action": "entity/list",
	"params": {
		"clickedPath": "C:/Users/Jano/lowgular-course-entry/src/app"
	},
	"context": {
		"workspace": {
			"rootPath": "C:/Users/Jano/lowgular-course-entry"
		},
		"userContext": {
			"id": "",
			"correlationId": "KVkY0lhZEe",
			"logEnvId": "development"
		}
	},
	"level": "info",
	"message": "[API] Request for entity/list"
}
[info] [CLI] Calling Query entity/list: {
	"funcParams": {
		"clickedPath": "C:/Users/Jano/lowgular-course-entry/src/app"
	},
	"level": "info",
	"message": "[CLI] Calling Query entity/list"
}
[info] [CLI] Called Query entity/list: {
	"result": [
		{
			"id": "component",
			"type": "ANGULAR_COMPONENT",
			"suffix": "Component",
			"folder": "ui/$name$",
			"insideOf": "App",
			"config": {
				"stylesExtension": "none",
				"viewEncapsulation": "Emulated",
				"selector": "generated",
				"changeDetectionStrategy": "OnPush"
			}
		},
		{
			"id": "dataService",
			"type": "ANGULAR_SERVICE",
			"suffix": "Service",
			"folder": "services",
			"insideOf": "App"
		},
		{
			"id": "model",
			"type": "DATA_STRUCTURE",
			"suffix": "Model",
			"folder": "model",
			"insideOf": "App"
		},
		{
			"id": "response",
			"type": "DATA_STRUCTURE",
			"suffix": "Response",
			"folder": "services",
			"insideOf": "App"
		}
	],
	"level": "info",
	"message": "[CLI] Called Query entity/list"
}
[info] [API] Response ok: entity/list: {
	"result": [
		{
			"id": "component",
			"type": "ANGULAR_COMPONENT",
			"suffix": "Component",
			"folder": "ui/$name$",
			"insideOf": "App",
			"config": {
				"stylesExtension": "none",
				"viewEncapsulation": "Emulated",
				"selector": "generated",
				"changeDetectionStrategy": "OnPush"
			}
		},
		{
			"id": "dataService",
			"type": "ANGULAR_SERVICE",
			"suffix": "Service",
			"folder": "services",
			"insideOf": "App"
		},
		{
			"id": "model",
			"type": "DATA_STRUCTURE",
			"suffix": "Model",
			"folder": "model",
			"insideOf": "App"
		},
		{
			"id": "response",
			"type": "DATA_STRUCTURE",
			"suffix": "Response",
			"folder": "services",
			"insideOf": "App"
		}
	],
	"level": "info",
	"message": "[API] Response ok: entity/list"
}
[info] [API] Request for projects/list: {
	"action": "projects/list",
	"params": {
		"clickedPath": "C:/Users/Jano/lowgular-course-entry/src/app/services"
	},
	"context": {
		"workspace": {
			"rootPath": "C:/Users/Jano/lowgular-course-entry"
		},
		"userContext": {
			"id": "",
			"correlationId": "TDfnBWyTCQ",
			"logEnvId": "development"
		}
	},
	"level": "info",
	"message": "[API] Request for projects/list"
}
[info] [CLI] Calling Query projects/list: {
	"funcParams": {
		"clickedPath": "C:/Users/Jano/lowgular-course-entry/src/app/services"
	},
	"level": "info",
	"message": "[CLI] Calling Query projects/list"
}
[info] [CLI] Called Query projects/list: {
	"result": {
		"clickedProject": {
			"name": "lowgular-course-entry",
			"path": "C:/Users/Jano/lowgular-course-entry/src/app"
		},
		"otherProjects": []
	},
	"level": "info",
	"message": "[CLI] Called Query projects/list"
}
[info] [API] Response ok: projects/list: {
	"result": {
		"clickedProject": {
			"name": "lowgular-course-entry",
			"path": "C:/Users/Jano/lowgular-course-entry/src/app"
		},
		"otherProjects": []
	},
	"level": "info",
	"message": "[API] Response ok: projects/list"
}
[info] [API] Request for entity/list: {
	"action": "entity/list",
	"params": {
		"clickedPath": "C:/Users/Jano/lowgular-course-entry/src/app"
	},
	"context": {
		"workspace": {
			"rootPath": "C:/Users/Jano/lowgular-course-entry"
		},
		"userContext": {
			"id": "",
			"correlationId": "TDfnBWyTCQ",
			"logEnvId": "development"
		}
	},
	"level": "info",
	"message": "[API] Request for entity/list"
}
[info] [CLI] Calling Query entity/list: {
	"funcParams": {
		"clickedPath": "C:/Users/Jano/lowgular-course-entry/src/app"
	},
	"level": "info",
	"message": "[CLI] Calling Query entity/list"
}
[info] [CLI] Called Query entity/list: {
	"result": [
		{
			"id": "component",
			"type": "ANGULAR_COMPONENT",
			"suffix": "Component",
			"folder": "ui/$name$",
			"insideOf": "App",
			"config": {
				"stylesExtension": "none",
				"viewEncapsulation": "Emulated",
				"selector": "generated",
				"changeDetectionStrategy": "OnPush"
			}
		},
		{
			"id": "dataService",
			"type": "ANGULAR_SERVICE",
			"suffix": "Service",
			"folder": "services",
			"insideOf": "App"
		},
		{
			"id": "model",
			"type": "DATA_STRUCTURE",
			"suffix": "Model",
			"folder": "model",
			"insideOf": "App"
		},
		{
			"id": "response",
			"type": "DATA_STRUCTURE",
			"suffix": "Response",
			"folder": "services",
			"insideOf": "App"
		}
	],
	"level": "info",
	"message": "[CLI] Called Query entity/list"
}
[info] [API] Response ok: entity/list: {
	"result": [
		{
			"id": "component",
			"type": "ANGULAR_COMPONENT",
			"suffix": "Component",
			"folder": "ui/$name$",
			"insideOf": "App",
			"config": {
				"stylesExtension": "none",
				"viewEncapsulation": "Emulated",
				"selector": "generated",
				"changeDetectionStrategy": "OnPush"
			}
		},
		{
			"id": "dataService",
			"type": "ANGULAR_SERVICE",
			"suffix": "Service",
			"folder": "services",
			"insideOf": "App"
		},
		{
			"id": "model",
			"type": "DATA_STRUCTURE",
			"suffix": "Model",
			"folder": "model",
			"insideOf": "App"
		},
		{
			"id": "response",
			"type": "DATA_STRUCTURE",
			"suffix": "Response",
			"folder": "services",
			"insideOf": "App"
		}
	],
	"level": "info",
	"message": "[API] Response ok: entity/list"
}
[info] [API] Request for projects/list: {
	"action": "projects/list",
	"params": {
		"clickedPath": "C:/Users/Jano/lowgular-course-entry/src/app/services"
	},
	"context": {
		"workspace": {
			"rootPath": "C:/Users/Jano/lowgular-course-entry"
		},
		"userContext": {
			"id": "",
			"correlationId": "YDwRXMH1dD",
			"logEnvId": "development"
		}
	},
	"level": "info",
	"message": "[API] Request for projects/list"
}
[info] [CLI] Calling Query projects/list: {
	"funcParams": {
		"clickedPath": "C:/Users/Jano/lowgular-course-entry/src/app/services"
	},
	"level": "info",
	"message": "[CLI] Calling Query projects/list"
}
[info] [CLI] Called Query projects/list: {
	"result": {
		"clickedProject": {
			"name": "lowgular-course-entry",
			"path": "C:/Users/Jano/lowgular-course-entry/src/app"
		},
		"otherProjects": []
	},
	"level": "info",
	"message": "[CLI] Called Query projects/list"
}
[info] [API] Response ok: projects/list: {
	"result": {
		"clickedProject": {
			"name": "lowgular-course-entry",
			"path": "C:/Users/Jano/lowgular-course-entry/src/app"
		},
		"otherProjects": []
	},
	"level": "info",
	"message": "[API] Response ok: projects/list"
}
[info] [API] Request for entity/list: {
	"action": "entity/list",
	"params": {
		"clickedPath": "C:/Users/Jano/lowgular-course-entry/src/app"
	},
	"context": {
		"workspace": {
			"rootPath": "C:/Users/Jano/lowgular-course-entry"
		},
		"userContext": {
			"id": "",
			"correlationId": "YDwRXMH1dD",
			"logEnvId": "development"
		}
	},
	"level": "info",
	"message": "[API] Request for entity/list"
}
[info] [CLI] Calling Query entity/list: {
	"funcParams": {
		"clickedPath": "C:/Users/Jano/lowgular-course-entry/src/app"
	},
	"level": "info",
	"message": "[CLI] Calling Query entity/list"
}
[info] [CLI] Called Query entity/list: {
	"result": [
		{
			"id": "component",
			"type": "ANGULAR_COMPONENT",
			"suffix": "Component",
			"folder": "ui/$name$",
			"insideOf": "App",
			"config": {
				"stylesExtension": "none",
				"viewEncapsulation": "Emulated",
				"selector": "generated",
				"changeDetectionStrategy": "OnPush"
			}
		},
		{
			"id": "dataService",
			"type": "ANGULAR_SERVICE",
			"suffix": "Service",
			"folder": "services",
			"insideOf": "App"
		},
		{
			"id": "model",
			"type": "DATA_STRUCTURE",
			"suffix": "Model",
			"folder": "model",
			"insideOf": "App"
		},
		{
			"id": "response",
			"type": "DATA_STRUCTURE",
			"suffix": "Response",
			"folder": "services",
			"insideOf": "App"
		}
	],
	"level": "info",
	"message": "[CLI] Called Query entity/list"
}
[info] [API] Response ok: entity/list: {
	"result": [
		{
			"id": "component",
			"type": "ANGULAR_COMPONENT",
			"suffix": "Component",
			"folder": "ui/$name$",
			"insideOf": "App",
			"config": {
				"stylesExtension": "none",
				"viewEncapsulation": "Emulated",
				"selector": "generated",
				"changeDetectionStrategy": "OnPush"
			}
		},
		{
			"id": "dataService",
			"type": "ANGULAR_SERVICE",
			"suffix": "Service",
			"folder": "services",
			"insideOf": "App"
		},
		{
			"id": "model",
			"type": "DATA_STRUCTURE",
			"suffix": "Model",
			"folder": "model",
			"insideOf": "App"
		},
		{
			"id": "response",
			"type": "DATA_STRUCTURE",
			"suffix": "Response",
			"folder": "services",
			"insideOf": "App"
		}
	],
	"level": "info",
	"message": "[API] Response ok: entity/list"
}
[info] [API] Request for projects/list: {
	"action": "projects/list",
	"params": {
		"clickedPath": "C:/Users/Jano/lowgular-course-entry/src/app/services"
	},
	"context": {
		"workspace": {
			"rootPath": "C:/Users/Jano/lowgular-course-entry"
		},
		"userContext": {
			"id": "",
			"correlationId": "7Dftg2n4bc",
			"logEnvId": "development"
		}
	},
	"level": "info",
	"message": "[API] Request for projects/list"
}
[info] [CLI] Calling Query projects/list: {
	"funcParams": {
		"clickedPath": "C:/Users/Jano/lowgular-course-entry/src/app/services"
	},
	"level": "info",
	"message": "[CLI] Calling Query projects/list"
}
[info] [CLI] Called Query projects/list: {
	"result": {
		"clickedProject": {
			"name": "lowgular-course-entry",
			"path": "C:/Users/Jano/lowgular-course-entry/src/app"
		},
		"otherProjects": []
	},
	"level": "info",
	"message": "[CLI] Called Query projects/list"
}
[info] [API] Response ok: projects/list: {
	"result": {
		"clickedProject": {
			"name": "lowgular-course-entry",
			"path": "C:/Users/Jano/lowgular-course-entry/src/app"
		},
		"otherProjects": []
	},
	"level": "info",
	"message": "[API] Response ok: projects/list"
}
[info] [API] Request for entity/list: {
	"action": "entity/list",
	"params": {
		"clickedPath": "C:/Users/Jano/lowgular-course-entry/src/app"
	},
	"context": {
		"workspace": {
			"rootPath": "C:/Users/Jano/lowgular-course-entry"
		},
		"userContext": {
			"id": "",
			"correlationId": "7Dftg2n4bc",
			"logEnvId": "development"
		}
	},
	"level": "info",
	"message": "[API] Request for entity/list"
}
[info] [CLI] Calling Query entity/list: {
	"funcParams": {
		"clickedPath": "C:/Users/Jano/lowgular-course-entry/src/app"
	},
	"level": "info",
	"message": "[CLI] Calling Query entity/list"
}
[info] [CLI] Called Query entity/list: {
	"result": [
		{
			"id": "component",
			"type": "ANGULAR_COMPONENT",
			"suffix": "Component",
			"folder": "ui/$name$",
			"insideOf": "App",
			"config": {
				"stylesExtension": "none",
				"viewEncapsulation": "Emulated",
				"selector": "generated",
				"changeDetectionStrategy": "OnPush"
			}
		},
		{
			"id": "dataService",
			"type": "ANGULAR_SERVICE",
			"suffix": "Service",
			"folder": "services",
			"insideOf": "App"
		},
		{
			"id": "model",
			"type": "DATA_STRUCTURE",
			"suffix": "Model",
			"folder": "model",
			"insideOf": "App"
		},
		{
			"id": "response",
			"type": "DATA_STRUCTURE",
			"suffix": "Response",
			"folder": "services",
			"insideOf": "App"
		}
	],
	"level": "info",
	"message": "[CLI] Called Query entity/list"
}
[info] [API] Response ok: entity/list: {
	"result": [
		{
			"id": "component",
			"type": "ANGULAR_COMPONENT",
			"suffix": "Component",
			"folder": "ui/$name$",
			"insideOf": "App",
			"config": {
				"stylesExtension": "none",
				"viewEncapsulation": "Emulated",
				"selector": "generated",
				"changeDetectionStrategy": "OnPush"
			}
		},
		{
			"id": "dataService",
			"type": "ANGULAR_SERVICE",
			"suffix": "Service",
			"folder": "services",
			"insideOf": "App"
		},
		{
			"id": "model",
			"type": "DATA_STRUCTURE",
			"suffix": "Model",
			"folder": "model",
			"insideOf": "App"
		},
		{
			"id": "response",
			"type": "DATA_STRUCTURE",
			"suffix": "Response",
			"folder": "services",
			"insideOf": "App"
		}
	],
	"level": "info",
	"message": "[API] Response ok: entity/list"
}
[info] [API] Request for projects/list: {
	"action": "projects/list",
	"params": {
		"clickedPath": "C:/Users/Jano/lowgular-course-entry/src/app/services"
	},
	"context": {
		"workspace": {
			"rootPath": "C:/Users/Jano/lowgular-course-entry"
		},
		"userContext": {
			"id": "5JjCDcUXjEVfbjvXnxzUWwIjQzP2",
			"correlationId": "UaZ67c8Gcu",
			"logEnvId": "development"
		}
	},
	"level": "info",
	"message": "[API] Request for projects/list"
}
[info] [CLI] Calling Query projects/list: {
	"funcParams": {
		"clickedPath": "C:/Users/Jano/lowgular-course-entry/src/app/services"
	},
	"level": "info",
	"message": "[CLI] Calling Query projects/list"
}
[info] [CLI] Called Query projects/list: {
	"result": {
		"clickedProject": {
			"name": "lowgular-course-entry",
			"path": "C:/Users/Jano/lowgular-course-entry/src/app"
		},
		"otherProjects": []
	},
	"level": "info",
	"message": "[CLI] Called Query projects/list"
}
[info] [API] Response ok: projects/list: {
	"result": {
		"clickedProject": {
			"name": "lowgular-course-entry",
			"path": "C:/Users/Jano/lowgular-course-entry/src/app"
		},
		"otherProjects": []
	},
	"level": "info",
	"message": "[API] Response ok: projects/list"
}
[info] [API] Request for entity/list: {
	"action": "entity/list",
	"params": {
		"clickedPath": "C:/Users/Jano/lowgular-course-entry/src/app"
	},
	"context": {
		"workspace": {
			"rootPath": "C:/Users/Jano/lowgular-course-entry"
		},
		"userContext": {
			"id": "5JjCDcUXjEVfbjvXnxzUWwIjQzP2",
			"correlationId": "UaZ67c8Gcu",
			"logEnvId": "development"
		}
	},
	"level": "info",
	"message": "[API] Request for entity/list"
}
[info] [CLI] Calling Query entity/list: {
	"funcParams": {
		"clickedPath": "C:/Users/Jano/lowgular-course-entry/src/app"
	},
	"level": "info",
	"message": "[CLI] Calling Query entity/list"
}
[info] [CLI] Called Query entity/list: {
	"result": [
		{
			"id": "component",
			"type": "ANGULAR_COMPONENT",
			"suffix": "Component",
			"folder": "ui/$name$",
			"insideOf": "App",
			"config": {
				"stylesExtension": "none",
				"viewEncapsulation": "Emulated",
				"selector": "generated",
				"changeDetectionStrategy": "OnPush"
			}
		},
		{
			"id": "dataService",
			"type": "ANGULAR_SERVICE",
			"suffix": "Service",
			"folder": "services",
			"insideOf": "App"
		},
		{
			"id": "model",
			"type": "DATA_STRUCTURE",
			"suffix": "Model",
			"folder": "model",
			"insideOf": "App"
		},
		{
			"id": "response",
			"type": "DATA_STRUCTURE",
			"suffix": "Response",
			"folder": "services",
			"insideOf": "App"
		}
	],
	"level": "info",
	"message": "[CLI] Called Query entity/list"
}
[info] [API] Response ok: entity/list: {
	"result": [
		{
			"id": "component",
			"type": "ANGULAR_COMPONENT",
			"suffix": "Component",
			"folder": "ui/$name$",
			"insideOf": "App",
			"config": {
				"stylesExtension": "none",
				"viewEncapsulation": "Emulated",
				"selector": "generated",
				"changeDetectionStrategy": "OnPush"
			}
		},
		{
			"id": "dataService",
			"type": "ANGULAR_SERVICE",
			"suffix": "Service",
			"folder": "services",
			"insideOf": "App"
		},
		{
			"id": "model",
			"type": "DATA_STRUCTURE",
			"suffix": "Model",
			"folder": "model",
			"insideOf": "App"
		},
		{
			"id": "response",
			"type": "DATA_STRUCTURE",
			"suffix": "Response",
			"folder": "services",
			"insideOf": "App"
		}
	],
	"level": "info",
	"message": "[API] Response ok: entity/list"
}
[info] [API] Request for projects/list: {
	"action": "projects/list",
	"params": {
		"clickedPath": "C:/Users/Jano/lowgular-course-entry/src/app/services"
	},
	"context": {
		"workspace": {
			"rootPath": "C:/Users/Jano/lowgular-course-entry"
		},
		"userContext": {
			"id": "5JjCDcUXjEVfbjvXnxzUWwIjQzP2",
			"correlationId": "g1Q8CQkqpe",
			"logEnvId": "development"
		}
	},
	"level": "info",
	"message": "[API] Request for projects/list"
}
[info] [CLI] Calling Query projects/list: {
	"funcParams": {
		"clickedPath": "C:/Users/Jano/lowgular-course-entry/src/app/services"
	},
	"level": "info",
	"message": "[CLI] Calling Query projects/list"
}
[info] [CLI] Called Query projects/list: {
	"result": {
		"clickedProject": {
			"name": "lowgular-course-entry",
			"path": "C:/Users/Jano/lowgular-course-entry/src/app"
		},
		"otherProjects": []
	},
	"level": "info",
	"message": "[CLI] Called Query projects/list"
}
[info] [API] Response ok: projects/list: {
	"result": {
		"clickedProject": {
			"name": "lowgular-course-entry",
			"path": "C:/Users/Jano/lowgular-course-entry/src/app"
		},
		"otherProjects": []
	},
	"level": "info",
	"message": "[API] Response ok: projects/list"
}
[info] [API] Request for entity/list: {
	"action": "entity/list",
	"params": {
		"clickedPath": "C:/Users/Jano/lowgular-course-entry/src/app"
	},
	"context": {
		"workspace": {
			"rootPath": "C:/Users/Jano/lowgular-course-entry"
		},
		"userContext": {
			"id": "5JjCDcUXjEVfbjvXnxzUWwIjQzP2",
			"correlationId": "g1Q8CQkqpe",
			"logEnvId": "development"
		}
	},
	"level": "info",
	"message": "[API] Request for entity/list"
}
[info] [CLI] Calling Query entity/list: {
	"funcParams": {
		"clickedPath": "C:/Users/Jano/lowgular-course-entry/src/app"
	},
	"level": "info",
	"message": "[CLI] Calling Query entity/list"
}
[info] [CLI] Called Query entity/list: {
	"result": [
		{
			"id": "component",
			"type": "ANGULAR_COMPONENT",
			"suffix": "Component",
			"folder": "ui/$name$",
			"insideOf": "App",
			"config": {
				"stylesExtension": "none",
				"viewEncapsulation": "Emulated",
				"selector": "generated",
				"changeDetectionStrategy": "OnPush"
			}
		},
		{
			"id": "dataService",
			"type": "ANGULAR_SERVICE",
			"suffix": "Service",
			"folder": "services",
			"insideOf": "App"
		},
		{
			"id": "model",
			"type": "DATA_STRUCTURE",
			"suffix": "Model",
			"folder": "model",
			"insideOf": "App"
		},
		{
			"id": "response",
			"type": "DATA_STRUCTURE",
			"suffix": "Response",
			"folder": "services",
			"insideOf": "App"
		}
	],
	"level": "info",
	"message": "[CLI] Called Query entity/list"
}
[info] [API] Response ok: entity/list: {
	"result": [
		{
			"id": "component",
			"type": "ANGULAR_COMPONENT",
			"suffix": "Component",
			"folder": "ui/$name$",
			"insideOf": "App",
			"config": {
				"stylesExtension": "none",
				"viewEncapsulation": "Emulated",
				"selector": "generated",
				"changeDetectionStrategy": "OnPush"
			}
		},
		{
			"id": "dataService",
			"type": "ANGULAR_SERVICE",
			"suffix": "Service",
			"folder": "services",
			"insideOf": "App"
		},
		{
			"id": "model",
			"type": "DATA_STRUCTURE",
			"suffix": "Model",
			"folder": "model",
			"insideOf": "App"
		},
		{
			"id": "response",
			"type": "DATA_STRUCTURE",
			"suffix": "Response",
			"folder": "services",
			"insideOf": "App"
		}
	],
	"level": "info",
	"message": "[API] Response ok: entity/list"
}
